[0324/145441.247:ERROR:scoped_process_suspend.cc(30)] NtSuspendProcess: An attempt was made to access an exiting process.  (0xc000010a)
[0324/145441.309:ERROR:process_info.cc(103)] ReadProcessMemory bool __cdecl crashpad::`anonymous-namespace'::ReadStruct<struct crashpad::process_types::PEB<struct crashpad::process_types::internal::Traits64>>(void *,unsigned __int64,struct crashpad::process_types::PEB<struct crashpad::process_types::internal::Traits64> *): Only part of a ReadProcessMemory or WriteProcessMemory request was completed. (0x12B)
[0324/145441.309:ERROR:process_info.cc(542)] ReadProcessData failed
[0324/145441.310:ERROR:process_reader_win.cc(233)] ReadMemory at 0x7feeb921160 of 12 bytes failed: Only part of a ReadProcessMemory or WriteProcessMemory request was completed. (0x12B)
[0324/145441.310:WARNING:process_snapshot_win.cc(68)] ReadMemory ExceptionInformation failed
[0324/145441.310:WARNING:crash_report_exception_handler.cc(60)] ProcessSnapshotWin::Initialize failed
[0413/174603.517:ERROR:process_reader_win.cc(233)] ReadMemory at 0x13fce0000 of 64 bytes failed: Only part of a ReadProcessMemory or WriteProcessMemory request was completed. (0x12B)
[0413/174603.624:WARNING:pe_image_reader.cc(281)] could not read dos header from C:\Program Files (x86)\Google\Chrome\Application\chrome.exe
[0413/174603.624:ERROR:process_reader_win.cc(233)] ReadMemory at 0x77b90000 of 64 bytes failed: Only part of a ReadProcessMemory or WriteProcessMemory request was completed. (0x12B)
[0413/174603.624:WARNING:pe_image_reader.cc(281)] could not read dos header from C:\WINDOWS\SYSTEM32\ntdll.dll
[0413/174603.624:ERROR:process_reader_win.cc(233)] ReadMemory at 0x7fefd930000 of 64 bytes failed: Only part of a ReadProcessMemory or WriteProcessMemory request was completed. (0x12B)
[0413/174603.624:WARNING:pe_image_reader.cc(281)] could not read dos header from C:\WINDOWS\system32\KERNELBASE.dll
[0413/174603.624:ERROR:process_reader_win.cc(233)] ReadMemory at 0x77970000 of 64 bytes failed: Only part of a ReadProcessMemory or WriteProcessMemory request was completed. (0x12B)
[0413/174603.624:WARNING:pe_image_reader.cc(281)] could not read dos header from C:\WINDOWS\system32\kernel32.dll
[0413/174603.624:ERROR:process_reader_win.cc(233)] ReadMemory at 0x7feff990000 of 64 bytes failed: Only part of a ReadProcessMemory or WriteProcessMemory request was completed. (0x12B)
[0413/174603.624:WARNING:pe_image_reader.cc(281)] could not read dos header from C:\WINDOWS\system32\msvcrt.dll
[0413/174603.624:ERROR:process_reader_win.cc(233)] ReadMemory at 0x7fefc880000 of 64 bytes failed: Only part of a ReadProcessMemory or WriteProcessMemory request was completed. (0x12B)
[0413/174603.624:WARNING:pe_image_reader.cc(281)] could not read dos header from C:\WINDOWS\system32\VERSION.dll
[0413/174603.624:ERROR:process_reader_win.cc(233)] ReadMemory at 0x7fef41c0000 of 64 bytes failed: Only part of a ReadProcessMemory or WriteProcessMemory request was completed. (0x12B)
[0413/174603.624:WARNING:pe_image_reader.cc(281)] could not read dos header from C:\Program Files (x86)\Google\Chrome\Application\57.0.2987.110\chrome_elf.dll
[0413/174603.624:ERROR:process_reader_win.cc(233)] ReadMemory at 0x7feff6d0000 of 64 bytes failed: Only part of a ReadProcessMemory or WriteProcessMemory request was completed. (0x12B)
[0413/174603.624:WARNING:pe_image_reader.cc(281)] could not read dos header from C:\WINDOWS\system32\RPCRT4.dll
[0413/174603.624:ERROR:process_reader_win.cc(233)] ReadMemory at 0x7feffe80000 of 64 bytes failed: Only part of a ReadProcessMemory or WriteProcessMemory request was completed. (0x12B)
[0413/174603.624:WARNING:pe_image_reader.cc(281)] could not read dos header from C:\WINDOWS\SYSTEM32\sechost.dll
[0413/174603.624:ERROR:process_reader_win.cc(233)] ReadMemory at 0x7fefdc30000 of 64 bytes failed: Only part of a ReadProcessMemory or WriteProcessMemory request was completed. (0x12B)
[0413/174603.624:WARNING:pe_image_reader.cc(281)] could not read dos header from C:\WINDOWS\system32\ADVAPI32.dll
[0413/174603.624:ERROR:process_reader_win.cc(233)] ReadMemory at 0x77d60000 of 64 bytes failed: Only part of a ReadProcessMemory or WriteProcessMemory request was completed. (0x12B)
[0413/174603.624:WARNING:pe_image_reader.cc(281)] could not read dos header from C:\WINDOWS\system32\PSAPI.DLL
[0413/174603.624:ERROR:process_reader_win.cc(233)] ReadMemory at 0x4a0000 of 64 bytes failed: Only part of a ReadProcessMemory or WriteProcessMemory request was completed. (0x12B)
[0413/174603.625:WARNING:pe_image_reader.cc(281)] could not read dos header from C:\WINDOWS\system32\USER32.dll
[0413/174603.625:ERROR:process_reader_win.cc(233)] ReadMemory at 0x7feff320000 of 64 bytes failed: Only part of a ReadProcessMemory or WriteProcessMemory request was completed. (0x12B)
[0413/174603.625:WARNING:pe_image_reader.cc(281)] could not read dos header from C:\WINDOWS\system32\USP10.dll
[0413/174603.625:ERROR:process_reader_win.cc(233)] ReadMemory at 0x7feff3f0000 of 64 bytes failed: Only part of a ReadProcessMemory or WriteProcessMemory request was completed. (0x12B)
[0413/174603.625:WARNING:pe_image_reader.cc(281)] could not read dos header from C:\WINDOWS\system32\LPK.dll
[0413/174603.625:ERROR:process_reader_win.cc(233)] ReadMemory at 0x7fefeb40000 of 64 bytes failed: Only part of a ReadProcessMemory or WriteProcessMemory request was completed. (0x12B)
[0413/174603.625:WARNING:pe_image_reader.cc(281)] could not read dos header from C:\WINDOWS\system32\GDI32.dll
[0413/174603.625:ERROR:process_reader_win.cc(233)] ReadMemory at 0x7fefdd10000 of 64 bytes failed: Only part of a ReadProcessMemory or WriteProcessMemory request was completed. (0x12B)
[0413/174603.625:WARNING:pe_image_reader.cc(281)] could not read dos header from C:\WINDOWS\system32\SHLWAPI.dll
[0413/174603.625:ERROR:process_reader_win.cc(233)] ReadMemory at 0x7fefddb0000 of 64 bytes failed: Only part of a ReadProcessMemory or WriteProcessMemory request was completed. (0x12B)
[0413/174603.625:WARNING:pe_image_reader.cc(281)] could not read dos header from C:\WINDOWS\system32\SHELL32.dll
[0413/174603.625:ERROR:process_reader_win.cc(233)] ReadMemory at 0x7fefb4e0000 of 64 bytes failed: Only part of a ReadProcessMemory or WriteProcessMemory request was completed. (0x12B)
[0413/174603.625:WARNING:pe_image_reader.cc(281)] could not read dos header from C:\WINDOWS\system32\WINMM.dll
[0413/174603.625:ERROR:process_reader_win.cc(233)] ReadMemory at 0x7fefd880000 of 64 bytes failed: Only part of a ReadProcessMemory or WriteProcessMemory request was completed. (0x12B)
[0413/174603.625:WARNING:pe_image_reader.cc(281)] could not read dos header from C:\WINDOWS\system32\profapi.dll
[0413/174603.625:ERROR:process_reader_win.cc(233)] ReadMemory at 0x7fefd9a0000 of 64 bytes failed: Only part of a ReadProcessMemory or WriteProcessMemory request was completed. (0x12B)
[0413/174603.625:WARNING:pe_image_reader.cc(281)] could not read dos header from C:\WINDOWS\system32\USERENV.dll
[0413/174603.625:ERROR:process_reader_win.cc(233)] ReadMemory at 0x7fefa220000 of 64 bytes failed: Only part of a ReadProcessMemory or WriteProcessMemory request was completed. (0x12B)
[0413/174603.625:WARNING:pe_image_reader.cc(281)] could not read dos header from C:\WINDOWS\system32\webio.dll
[0413/174603.625:ERROR:process_reader_win.cc(233)] ReadMemory at 0x7fefa290000 of 64 bytes failed: Only part of a ReadProcessMemory or WriteProcessMemory request was completed. (0x12B)
[0413/174603.625:WARNING:pe_image_reader.cc(281)] could not read dos header from C:\WINDOWS\system32\WINHTTP.dll
[0413/174603.625:ERROR:process_reader_win.cc(233)] ReadMemory at 0x7feff4e0000 of 64 bytes failed: Only part of a ReadProcessMemory or WriteProcessMemory request was completed. (0x12B)
[0413/174603.625:WARNING:pe_image_reader.cc(281)] could not read dos header from C:\WINDOWS\system32\MSCTF.dll
[0413/174603.625:ERROR:process_reader_win.cc(233)] ReadMemory at 0x7fefebb0000 of 64 bytes failed: Only part of a ReadProcessMemory or WriteProcessMemory request was completed. (0x12B)
[0413/174603.625:WARNING:pe_image_reader.cc(281)] could not read dos header from C:\WINDOWS\system32\IMM32.DLL
[0413/174603.625:ERROR:process_reader_win.cc(233)] ReadMemory at 0x7fee9a90000 of 64 bytes failed: Only part of a ReadProcessMemory or WriteProcessMemory request was completed. (0x12B)
[0413/174603.625:WARNING:pe_image_reader.cc(281)] could not read dos header from C:\Program Files\Avecto\Privilege Guard Client\PGHook.dll
[0413/174603.625:ERROR:process_reader_win.cc(233)] ReadMemory at 0x7fefd650000 of 64 bytes failed: Only part of a ReadProcessMemory or WriteProcessMemory request was completed. (0x12B)
[0413/174603.625:WARNING:pe_image_reader.cc(281)] could not read dos header from C:\WINDOWS\system32\CRYPTSP.dll
[0413/174603.625:ERROR:process_reader_win.cc(233)] ReadMemory at 0x7fefd600000 of 64 bytes failed: Only part of a ReadProcessMemory or WriteProcessMemory request was completed. (0x12B)
[0413/174603.625:WARNING:pe_image_reader.cc(281)] could not read dos header from C:\WINDOWS\system32\rsaenh.dll
[0413/174603.625:ERROR:process_reader_win.cc(233)] ReadMemory at 0x7fefd5f0000 of 64 bytes failed: Only part of a ReadProcessMemory or WriteProcessMemory request was completed. (0x12B)
[0413/174603.625:WARNING:pe_image_reader.cc(281)] could not read dos header from C:\WINDOWS\system32\CRYPTBASE.dll
[0413/174603.625:ERROR:process_reader_win.cc(233)] ReadMemory at 0x7feffa80000 of 64 bytes failed: Only part of a ReadProcessMemory or WriteProcessMemory request was completed. (0x12B)
[0413/174603.625:WARNING:pe_image_reader.cc(281)] could not read dos header from C:\WINDOWS\system32\ole32.dll
[0413/174603.625:ERROR:process_reader_win.cc(233)] ReadMemory at 0x7feff5f0000 of 64 bytes failed: Only part of a ReadProcessMemory or WriteProcessMemory request was completed. (0x12B)
[0413/174603.626:WARNING:pe_image_reader.cc(281)] could not read dos header from C:\WINDOWS\system32\OLEAUT32.dll
[0413/174603.626:ERROR:process_reader_win.cc(233)] ReadMemory at 0x7feffe70000 of 64 bytes failed: Only part of a ReadProcessMemory or WriteProcessMemory request was completed. (0x12B)
[0413/174603.626:WARNING:pe_image_reader.cc(281)] could not read dos header from C:\WINDOWS\system32\NSI.dll
[0413/174603.626:ERROR:process_reader_win.cc(233)] ReadMemory at 0x7feffa30000 of 64 bytes failed: Only part of a ReadProcessMemory or WriteProcessMemory request was completed. (0x12B)
[0413/174603.626:WARNING:pe_image_reader.cc(281)] could not read dos header from C:\WINDOWS\system32\WS2_32.dll
[0413/174603.626:ERROR:process_reader_win.cc(233)] ReadMemory at 0x7fefc1c0000 of 64 bytes failed: Only part of a ReadProcessMemory or WriteProcessMemory request was completed. (0x12B)
[0413/174603.626:WARNING:pe_image_reader.cc(281)] could not read dos header from C:\WINDOWS\WinSxS\amd64_microsoft.windows.common-controls_6595b64144ccf1df_6.0.7601.18837_none_fa3b1e3d17594757\COMCTL32.dll
[0413/174603.626:ERROR:process_reader_win.cc(233)] ReadMemory at 0x7fefec80000 of 64 bytes failed: Only part of a ReadProcessMemory or WriteProcessMemory request was completed. (0x12B)
[0413/174603.626:WARNING:pe_image_reader.cc(281)] could not read dos header from C:\WINDOWS\system32\COMDLG32.dll
[0413/174603.626:ERROR:process_reader_win.cc(233)] ReadMemory at 0x7fef9d90000 of 64 bytes failed: Only part of a ReadProcessMemory or WriteProcessMemory request was completed. (0x12B)
[0413/174603.626:WARNING:pe_image_reader.cc(281)] could not read dos header from C:\WINDOWS\system32\dbghelp.dll
[0413/174603.626:ERROR:process_reader_win.cc(233)] ReadMemory at 0x7fef9d10000 of 64 bytes failed: Only part of a ReadProcessMemory or WriteProcessMemory request was completed. (0x12B)
[0413/174603.626:WARNING:pe_image_reader.cc(281)] could not read dos header from C:\WINDOWS\system32\WINSPOOL.DRV
[0413/174603.626:ERROR:process_reader_win.cc(233)] ReadMemory at 0x7fefabb0000 of 64 bytes failed: Only part of a ReadProcessMemory or WriteProcessMemory request was completed. (0x12B)
[0413/174603.626:WARNING:pe_image_reader.cc(281)] could not read dos header from C:\WINDOWS\system32\WINNSI.DLL
[0413/174603.626:ERROR:process_reader_win.cc(233)] ReadMemory at 0x7fefabc0000 of 64 bytes failed: Only part of a ReadProcessMemory or WriteProcessMemory request was completed. (0x12B)
[0413/174603.626:WARNING:pe_image_reader.cc(281)] could not read dos header from C:\WINDOWS\system32\IPHLPAPI.DLL
[0413/174603.626:ERROR:process_reader_win.cc(233)] ReadMemory at 0x7fefd270000 of 64 bytes failed: Only part of a ReadProcessMemory or WriteProcessMemory request was completed. (0x12B)
[0413/174603.626:WARNING:pe_image_reader.cc(281)] could not read dos header from C:\WINDOWS\system32\Secur32.dll
[0413/174603.626:ERROR:process_reader_win.cc(233)] ReadMemory at 0x7fefd500000 of 64 bytes failed: Only part of a ReadProcessMemory or WriteProcessMemory request was completed. (0x12B)
[0413/174603.626:WARNING:pe_image_reader.cc(281)] could not read dos header from C:\WINDOWS\system32\SSPICLI.DLL
[0413/174603.626:ERROR:process_reader_win.cc(233)] ReadMemory at 0x7feed290000 of 64 bytes failed: Only part of a ReadProcessMemory or WriteProcessMemory request was completed. (0x12B)
[0413/174603.626:WARNING:pe_image_reader.cc(281)] could not read dos header from C:\WINDOWS\system32\DWrite.dll
[0413/174603.626:ERROR:process_reader_win.cc(233)] ReadMemory at 0x7fef57a0000 of 64 bytes failed: Only part of a ReadProcessMemory or WriteProcessMemory request was completed. (0x12B)
[0413/174603.626:WARNING:pe_image_reader.cc(281)] could not read dos header from C:\WINDOWS\system32\FONTSUB.dll
[0413/174603.626:ERROR:process_reader_win.cc(233)] ReadMemory at 0x7fefd870000 of 64 bytes failed: Only part of a ReadProcessMemory or WriteProcessMemory request was completed. (0x12B)
[0413/174603.626:WARNING:pe_image_reader.cc(281)] could not read dos header from C:\WINDOWS\system32\MSASN1.dll
[0413/174603.626:ERROR:process_reader_win.cc(233)] ReadMemory at 0x7fefdaa0000 of 64 bytes failed: Only part of a ReadProcessMemory or WriteProcessMemory request was completed. (0x12B)
[0413/174603.626:WARNING:pe_image_reader.cc(281)] could not read dos header from C:\WINDOWS\system32\CRYPT32.dll
[0413/174603.626:ERROR:process_reader_win.cc(233)] ReadMemory at 0x7fefda60000 of 64 bytes failed: Only part of a ReadProcessMemory or WriteProcessMemory request was completed. (0x12B)
[0413/174603.626:WARNING:pe_image_reader.cc(281)] could not read dos header from C:\WINDOWS\system32\WINTRUST.dll
[0413/174603.626:ERROR:process_reader_win.cc(233)] ReadMemory at 0x7fede740000 of 64 bytes failed: Only part of a ReadProcessMemory or WriteProcessMemory request was completed. (0x12B)
[0413/174603.626:WARNING:pe_image_reader.cc(281)] could not read dos header from C:\Program Files (x86)\Google\Chrome\Application\57.0.2987.110\chrome_child.dll
[0413/174603.626:ERROR:process_reader_win.cc(233)] ReadMemory at 0x13fce0000 of 64 bytes failed: Only part of a ReadProcessMemory or WriteProcessMemory request was completed. (0x12B)
[0413/174603.626:WARNING:pe_image_reader.cc(281)] could not read dos header from C:\Program Files (x86)\Google\Chrome\Application\chrome.exe
[0413/174603.626:ERROR:process_reader_win.cc(233)] ReadMemory at 0x77b90000 of 64 bytes failed: Only part of a ReadProcessMemory or WriteProcessMemory request was completed. (0x12B)
[0413/174603.626:WARNING:pe_image_reader.cc(281)] could not read dos header from C:\WINDOWS\SYSTEM32\ntdll.dll
[0413/174603.626:ERROR:process_reader_win.cc(233)] ReadMemory at 0x7fefd930000 of 64 bytes failed: Only part of a ReadProcessMemory or WriteProcessMemory request was completed. (0x12B)
[0413/174603.626:WARNING:pe_image_reader.cc(281)] could not read dos header from C:\WINDOWS\system32\KERNELBASE.dll
[0413/174603.627:ERROR:process_reader_win.cc(233)] ReadMemory at 0x77970000 of 64 bytes failed: Only part of a ReadProcessMemory or WriteProcessMemory request was completed. (0x12B)
[0413/174603.627:WARNING:pe_image_reader.cc(281)] could not read dos header from C:\WINDOWS\system32\kernel32.dll
[0413/174603.627:ERROR:process_reader_win.cc(233)] ReadMemory at 0x7feff990000 of 64 bytes failed: Only part of a ReadProcessMemory or WriteProcessMemory request was completed. (0x12B)
[0413/174603.627:WARNING:pe_image_reader.cc(281)] could not read dos header from C:\WINDOWS\system32\msvcrt.dll
[0413/174603.627:ERROR:process_reader_win.cc(233)] ReadMemory at 0x7fefc880000 of 64 bytes failed: Only part of a ReadProcessMemory or WriteProcessMemory request was completed. (0x12B)
[0413/174603.627:WARNING:pe_image_reader.cc(281)] could not read dos header from C:\WINDOWS\system32\VERSION.dll
[0413/174603.627:ERROR:process_reader_win.cc(233)] ReadMemory at 0x7fef41c0000 of 64 bytes failed: Only part of a ReadProcessMemory or WriteProcessMemory request was completed. (0x12B)
[0413/174603.627:WARNING:pe_image_reader.cc(281)] could not read dos header from C:\Program Files (x86)\Google\Chrome\Application\57.0.2987.110\chrome_elf.dll
[0413/174603.627:ERROR:process_reader_win.cc(233)] ReadMemory at 0x7feff6d0000 of 64 bytes failed: Only part of a ReadProcessMemory or WriteProcessMemory request was completed. (0x12B)
[0413/174603.627:WARNING:pe_image_reader.cc(281)] could not read dos header from C:\WINDOWS\system32\RPCRT4.dll
[0413/174603.627:ERROR:process_reader_win.cc(233)] ReadMemory at 0x7feffe80000 of 64 bytes failed: Only part of a ReadProcessMemory or WriteProcessMemory request was completed. (0x12B)
[0413/174603.627:WARNING:pe_image_reader.cc(281)] could not read dos header from C:\WINDOWS\SYSTEM32\sechost.dll
[0413/174603.627:ERROR:process_reader_win.cc(233)] ReadMemory at 0x7fefdc30000 of 64 bytes failed: Only part of a ReadProcessMemory or WriteProcessMemory request was completed. (0x12B)
[0413/174603.627:WARNING:pe_image_reader.cc(281)] could not read dos header from C:\WINDOWS\system32\ADVAPI32.dll
[0413/174603.627:ERROR:process_reader_win.cc(233)] ReadMemory at 0x77d60000 of 64 bytes failed: Only part of a ReadProcessMemory or WriteProcessMemory request was completed. (0x12B)
[0413/174603.627:WARNING:pe_image_reader.cc(281)] could not read dos header from C:\WINDOWS\system32\PSAPI.DLL
[0413/174603.627:ERROR:process_reader_win.cc(233)] ReadMemory at 0x4a0000 of 64 bytes failed: Only part of a ReadProcessMemory or WriteProcessMemory request was completed. (0x12B)
[0413/174603.627:WARNING:pe_image_reader.cc(281)] could not read dos header from C:\WINDOWS\system32\USER32.dll
[0413/174603.627:ERROR:process_reader_win.cc(233)] ReadMemory at 0x7feff320000 of 64 bytes failed: Only part of a ReadProcessMemory or WriteProcessMemory request was completed. (0x12B)
[0413/174603.627:WARNING:pe_image_reader.cc(281)] could not read dos header from C:\WINDOWS\system32\USP10.dll
[0413/174603.627:ERROR:process_reader_win.cc(233)] ReadMemory at 0x7feff3f0000 of 64 bytes failed: Only part of a ReadProcessMemory or WriteProcessMemory request was completed. (0x12B)
[0413/174603.627:WARNING:pe_image_reader.cc(281)] could not read dos header from C:\WINDOWS\system32\LPK.dll
[0413/174603.627:ERROR:process_reader_win.cc(233)] ReadMemory at 0x7fefeb40000 of 64 bytes failed: Only part of a ReadProcessMemory or WriteProcessMemory request was completed. (0x12B)
[0413/174603.627:WARNING:pe_image_reader.cc(281)] could not read dos header from C:\WINDOWS\system32\GDI32.dll
[0413/174603.627:ERROR:process_reader_win.cc(233)] ReadMemory at 0x7fefdd10000 of 64 bytes failed: Only part of a ReadProcessMemory or WriteProcessMemory request was completed. (0x12B)
[0413/174603.627:WARNING:pe_image_reader.cc(281)] could not read dos header from C:\WINDOWS\system32\SHLWAPI.dll
[0413/174603.627:ERROR:process_reader_win.cc(233)] ReadMemory at 0x7fefddb0000 of 64 bytes failed: Only part of a ReadProcessMemory or WriteProcessMemory request was completed. (0x12B)
[0413/174603.627:WARNING:pe_image_reader.cc(281)] could not read dos header from C:\WINDOWS\system32\SHELL32.dll
[0413/174603.627:ERROR:process_reader_win.cc(233)] ReadMemory at 0x7fefb4e0000 of 64 bytes failed: Only part of a ReadProcessMemory or WriteProcessMemory request was completed. (0x12B)
[0413/174603.627:WARNING:pe_image_reader.cc(281)] could not read dos header from C:\WINDOWS\system32\WINMM.dll
[0413/174603.627:ERROR:process_reader_win.cc(233)] ReadMemory at 0x7fefd880000 of 64 bytes failed: Only part of a ReadProcessMemory or WriteProcessMemory request was completed. (0x12B)
[0413/174603.627:WARNING:pe_image_reader.cc(281)] could not read dos header from C:\WINDOWS\system32\profapi.dll
[0413/174603.627:ERROR:process_reader_win.cc(233)] ReadMemory at 0x7fefd9a0000 of 64 bytes failed: Only part of a ReadProcessMemory or WriteProcessMemory request was completed. (0x12B)
[0413/174603.627:WARNING:pe_image_reader.cc(281)] could not read dos header from C:\WINDOWS\system32\USERENV.dll
[0413/174603.627:ERROR:process_reader_win.cc(233)] ReadMemory at 0x7fefa220000 of 64 bytes failed: Only part of a ReadProcessMemory or WriteProcessMemory request was completed. (0x12B)
[0413/174603.628:WARNING:pe_image_reader.cc(281)] could not read dos header from C:\WINDOWS\system32\webio.dll
[0413/174603.628:ERROR:process_reader_win.cc(233)] ReadMemory at 0x7fefa290000 of 64 bytes failed: Only part of a ReadProcessMemory or WriteProcessMemory request was completed. (0x12B)
[0413/174603.628:WARNING:pe_image_reader.cc(281)] could not read dos header from C:\WINDOWS\system32\WINHTTP.dll
[0413/174603.628:ERROR:process_reader_win.cc(233)] ReadMemory at 0x7feff4e0000 of 64 bytes failed: Only part of a ReadProcessMemory or WriteProcessMemory request was completed. (0x12B)
[0413/174603.628:WARNING:pe_image_reader.cc(281)] could not read dos header from C:\WINDOWS\system32\MSCTF.dll
[0413/174603.628:ERROR:process_reader_win.cc(233)] ReadMemory at 0x7fefebb0000 of 64 bytes failed: Only part of a ReadProcessMemory or WriteProcessMemory request was completed. (0x12B)
[0413/174603.628:WARNING:pe_image_reader.cc(281)] could not read dos header from C:\WINDOWS\system32\IMM32.DLL
[0413/174603.628:ERROR:process_reader_win.cc(233)] ReadMemory at 0x7fee9a90000 of 64 bytes failed: Only part of a ReadProcessMemory or WriteProcessMemory request was completed. (0x12B)
[0413/174603.628:WARNING:pe_image_reader.cc(281)] could not read dos header from C:\Program Files\Avecto\Privilege Guard Client\PGHook.dll
[0413/174603.628:ERROR:process_reader_win.cc(233)] ReadMemory at 0x7fefd650000 of 64 bytes failed: Only part of a ReadProcessMemory or WriteProcessMemory request was completed. (0x12B)
[0413/174603.628:WARNING:pe_image_reader.cc(281)] could not read dos header from C:\WINDOWS\system32\CRYPTSP.dll
[0413/174603.628:ERROR:process_reader_win.cc(233)] ReadMemory at 0x7fefd600000 of 64 bytes failed: Only part of a ReadProcessMemory or WriteProcessMemory request was completed. (0x12B)
[0413/174603.628:WARNING:pe_image_reader.cc(281)] could not read dos header from C:\WINDOWS\system32\rsaenh.dll
[0413/174603.628:ERROR:process_reader_win.cc(233)] ReadMemory at 0x7fefd5f0000 of 64 bytes failed: Only part of a ReadProcessMemory or WriteProcessMemory request was completed. (0x12B)
[0413/174603.628:WARNING:pe_image_reader.cc(281)] could not read dos header from C:\WINDOWS\system32\CRYPTBASE.dll
[0413/174603.628:ERROR:process_reader_win.cc(233)] ReadMemory at 0x7feffa80000 of 64 bytes failed: Only part of a ReadProcessMemory or WriteProcessMemory request was completed. (0x12B)
[0413/174603.628:WARNING:pe_image_reader.cc(281)] could not read dos header from C:\WINDOWS\system32\ole32.dll
[0413/174603.628:ERROR:process_reader_win.cc(233)] ReadMemory at 0x7feff5f0000 of 64 bytes failed: Only part of a ReadProcessMemory or WriteProcessMemory request was completed. (0x12B)
[0413/174603.628:WARNING:pe_image_reader.cc(281)] could not read dos header from C:\WINDOWS\system32\OLEAUT32.dll
[0413/174603.628:ERROR:process_reader_win.cc(233)] ReadMemory at 0x7feffe70000 of 64 bytes failed: Only part of a ReadProcessMemory or WriteProcessMemory request was completed. (0x12B)
[0413/174603.628:WARNING:pe_image_reader.cc(281)] could not read dos header from C:\WINDOWS\system32\NSI.dll
[0413/174603.628:ERROR:process_reader_win.cc(233)] ReadMemory at 0x7feffa30000 of 64 bytes failed: Only part of a ReadProcessMemory or WriteProcessMemory request was completed. (0x12B)
[0413/174603.628:WARNING:pe_image_reader.cc(281)] could not read dos header from C:\WINDOWS\system32\WS2_32.dll
[0413/174603.628:ERROR:process_reader_win.cc(233)] ReadMemory at 0x7fefc1c0000 of 64 bytes failed: Only part of a ReadProcessMemory or WriteProcessMemory request was completed. (0x12B)
[0413/174603.628:WARNING:pe_image_reader.cc(281)] could not read dos header from C:\WINDOWS\WinSxS\amd64_microsoft.windows.common-controls_6595b64144ccf1df_6.0.7601.18837_none_fa3b1e3d17594757\COMCTL32.dll
[0413/174603.628:ERROR:process_reader_win.cc(233)] ReadMemory at 0x7fefec80000 of 64 bytes failed: Only part of a ReadProcessMemory or WriteProcessMemory request was completed. (0x12B)
[0413/174603.628:WARNING:pe_image_reader.cc(281)] could not read dos header from C:\WINDOWS\system32\COMDLG32.dll
[0413/174603.628:ERROR:process_reader_win.cc(233)] ReadMemory at 0x7fef9d90000 of 64 bytes failed: Only part of a ReadProcessMemory or WriteProcessMemory request was completed. (0x12B)
[0413/174603.628:WARNING:pe_image_reader.cc(281)] could not read dos header from C:\WINDOWS\system32\dbghelp.dll
[0413/174603.628:ERROR:process_reader_win.cc(233)] ReadMemory at 0x7fef9d10000 of 64 bytes failed: Only part of a ReadProcessMemory or WriteProcessMemory request was completed. (0x12B)
[0413/174603.628:WARNING:pe_image_reader.cc(281)] could not read dos header from C:\WINDOWS\system32\WINSPOOL.DRV
[0413/174603.628:ERROR:process_reader_win.cc(233)] ReadMemory at 0x7fefabb0000 of 64 bytes failed: Only part of a ReadProcessMemory or WriteProcessMemory request was completed. (0x12B)
[0413/174603.628:WARNING:pe_image_reader.cc(281)] could not read dos header from C:\WINDOWS\system32\WINNSI.DLL
[0413/174603.628:ERROR:process_reader_win.cc(233)] ReadMemory at 0x7fefabc0000 of 64 bytes failed: Only part of a ReadProcessMemory or WriteProcessMemory request was completed. (0x12B)
[0413/174603.628:WARNING:pe_image_reader.cc(281)] could not read dos header from C:\WINDOWS\system32\IPHLPAPI.DLL
[0413/174603.628:ERROR:process_reader_win.cc(233)] ReadMemory at 0x7fefd270000 of 64 bytes failed: Only part of a ReadProcessMemory or WriteProcessMemory request was completed. (0x12B)
[0413/174603.628:WARNING:pe_image_reader.cc(281)] could not read dos header from C:\WINDOWS\system32\Secur32.dll
[0413/174603.628:ERROR:process_reader_win.cc(233)] ReadMemory at 0x7fefd500000 of 64 bytes failed: Only part of a ReadProcessMemory or WriteProcessMemory request was completed. (0x12B)
[0413/174603.628:WARNING:pe_image_reader.cc(281)] could not read dos header from C:\WINDOWS\system32\SSPICLI.DLL
[0413/174603.628:ERROR:process_reader_win.cc(233)] ReadMemory at 0x7feed290000 of 64 bytes failed: Only part of a ReadProcessMemory or WriteProcessMemory request was completed. (0x12B)
[0413/174603.628:WARNING:pe_image_reader.cc(281)] could not read dos header from C:\WINDOWS\system32\DWrite.dll
[0413/174603.628:ERROR:process_reader_win.cc(233)] ReadMemory at 0x7fef57a0000 of 64 bytes failed: Only part of a ReadProcessMemory or WriteProcessMemory request was completed. (0x12B)
[0413/174603.629:WARNING:pe_image_reader.cc(281)] could not read dos header from C:\WINDOWS\system32\FONTSUB.dll
[0413/174603.629:ERROR:process_reader_win.cc(233)] ReadMemory at 0x7fefd870000 of 64 bytes failed: Only part of a ReadProcessMemory or WriteProcessMemory request was completed. (0x12B)
[0413/174603.629:WARNING:pe_image_reader.cc(281)] could not read dos header from C:\WINDOWS\system32\MSASN1.dll
[0413/174603.629:ERROR:process_reader_win.cc(233)] ReadMemory at 0x7fefdaa0000 of 64 bytes failed: Only part of a ReadProcessMemory or WriteProcessMemory request was completed. (0x12B)
[0413/174603.629:WARNING:pe_image_reader.cc(281)] could not read dos header from C:\WINDOWS\system32\CRYPT32.dll
[0413/174603.629:ERROR:process_reader_win.cc(233)] ReadMemory at 0x7fefda60000 of 64 bytes failed: Only part of a ReadProcessMemory or WriteProcessMemory request was completed. (0x12B)
[0413/174603.629:WARNING:pe_image_reader.cc(281)] could not read dos header from C:\WINDOWS\system32\WINTRUST.dll
[0413/174603.629:ERROR:process_reader_win.cc(233)] ReadMemory at 0x7fede740000 of 64 bytes failed: Only part of a ReadProcessMemory or WriteProcessMemory request was completed. (0x12B)
[0413/174603.629:WARNING:pe_image_reader.cc(281)] could not read dos header from C:\Program Files (x86)\Google\Chrome\Application\57.0.2987.110\chrome_child.dll
[0413/174603.629:ERROR:process_reader_win.cc(233)] ReadMemory at 0x13fce0000 of 64 bytes failed: Only part of a ReadProcessMemory or WriteProcessMemory request was completed. (0x12B)
[0413/174603.629:WARNING:pe_image_reader.cc(281)] could not read dos header from C:\Program Files (x86)\Google\Chrome\Application\chrome.exe
[0413/174603.629:ERROR:process_reader_win.cc(233)] ReadMemory at 0x77b90000 of 64 bytes failed: Only part of a ReadProcessMemory or WriteProcessMemory request was completed. (0x12B)
[0413/174603.629:WARNING:pe_image_reader.cc(281)] could not read dos header from C:\WINDOWS\SYSTEM32\ntdll.dll
[0413/174603.629:ERROR:process_reader_win.cc(233)] ReadMemory at 0x7fefd930000 of 64 bytes failed: Only part of a ReadProcessMemory or WriteProcessMemory request was completed. (0x12B)
[0413/174603.629:WARNING:pe_image_reader.cc(281)] could not read dos header from C:\WINDOWS\system32\KERNELBASE.dll
[0413/174603.629:ERROR:process_reader_win.cc(233)] ReadMemory at 0x77970000 of 64 bytes failed: Only part of a ReadProcessMemory or WriteProcessMemory request was completed. (0x12B)
[0413/174603.629:WARNING:pe_image_reader.cc(281)] could not read dos header from C:\WINDOWS\system32\kernel32.dll
[0413/174603.629:ERROR:process_reader_win.cc(233)] ReadMemory at 0x7feff990000 of 64 bytes failed: Only part of a ReadProcessMemory or WriteProcessMemory request was completed. (0x12B)
[0413/174603.629:WARNING:pe_image_reader.cc(281)] could not read dos header from C:\WINDOWS\system32\msvcrt.dll
[0413/174603.629:ERROR:process_reader_win.cc(233)] ReadMemory at 0x7fefc880000 of 64 bytes failed: Only part of a ReadProcessMemory or WriteProcessMemory request was completed. (0x12B)
[0413/174603.629:WARNING:pe_image_reader.cc(281)] could not read dos header from C:\WINDOWS\system32\VERSION.dll
[0413/174603.629:ERROR:process_reader_win.cc(233)] ReadMemory at 0x7fef41c0000 of 64 bytes failed: Only part of a ReadProcessMemory or WriteProcessMemory request was completed. (0x12B)
[0413/174603.629:WARNING:pe_image_reader.cc(281)] could not read dos header from C:\Program Files (x86)\Google\Chrome\Application\57.0.2987.110\chrome_elf.dll
[0413/174603.629:ERROR:process_reader_win.cc(233)] ReadMemory at 0x7feff6d0000 of 64 bytes failed: Only part of a ReadProcessMemory or WriteProcessMemory request was completed. (0x12B)
[0413/174603.629:WARNING:pe_image_reader.cc(281)] could not read dos header from C:\WINDOWS\system32\RPCRT4.dll
[0413/174603.629:ERROR:process_reader_win.cc(233)] ReadMemory at 0x7feffe80000 of 64 bytes failed: Only part of a ReadProcessMemory or WriteProcessMemory request was completed. (0x12B)
[0413/174603.629:WARNING:pe_image_reader.cc(281)] could not read dos header from C:\WINDOWS\SYSTEM32\sechost.dll
[0413/174603.629:ERROR:process_reader_win.cc(233)] ReadMemory at 0x7fefdc30000 of 64 bytes failed: Only part of a ReadProcessMemory or WriteProcessMemory request was completed. (0x12B)
[0413/174603.629:WARNING:pe_image_reader.cc(281)] could not read dos header from C:\WINDOWS\system32\ADVAPI32.dll
[0413/174603.629:ERROR:process_reader_win.cc(233)] ReadMemory at 0x77d60000 of 64 bytes failed: Only part of a ReadProcessMemory or WriteProcessMemory request was completed. (0x12B)
[0413/174603.630:WARNING:pe_image_reader.cc(281)] could not read dos header from C:\WINDOWS\system32\PSAPI.DLL
[0413/174603.630:ERROR:process_reader_win.cc(233)] ReadMemory at 0x4a0000 of 64 bytes failed: Only part of a ReadProcessMemory or WriteProcessMemory request was completed. (0x12B)
[0413/174603.630:WARNING:pe_image_reader.cc(281)] could not read dos header from C:\WINDOWS\system32\USER32.dll
[0413/174603.630:ERROR:process_reader_win.cc(233)] ReadMemory at 0x7feff320000 of 64 bytes failed: Only part of a ReadProcessMemory or WriteProcessMemory request was completed. (0x12B)
[0413/174603.630:WARNING:pe_image_reader.cc(281)] could not read dos header from C:\WINDOWS\system32\USP10.dll
[0413/174603.630:ERROR:process_reader_win.cc(233)] ReadMemory at 0x7feff3f0000 of 64 bytes failed: Only part of a ReadProcessMemory or WriteProcessMemory request was completed. (0x12B)
[0413/174603.630:WARNING:pe_image_reader.cc(281)] could not read dos header from C:\WINDOWS\system32\LPK.dll
[0413/174603.630:ERROR:process_reader_win.cc(233)] ReadMemory at 0x7fefeb40000 of 64 bytes failed: Only part of a ReadProcessMemory or WriteProcessMemory request was completed. (0x12B)
[0413/174603.630:WARNING:pe_image_reader.cc(281)] could not read dos header from C:\WINDOWS\system32\GDI32.dll
[0413/174603.630:ERROR:process_reader_win.cc(233)] ReadMemory at 0x7fefdd10000 of 64 bytes failed: Only part of a ReadProcessMemory or WriteProcessMemory request was completed. (0x12B)
[0413/174603.630:WARNING:pe_image_reader.cc(281)] could not read dos header from C:\WINDOWS\system32\SHLWAPI.dll
[0413/174603.630:ERROR:process_reader_win.cc(233)] ReadMemory at 0x7fefddb0000 of 64 bytes failed: Only part of a ReadProcessMemory or WriteProcessMemory request was completed. (0x12B)
[0413/174603.630:WARNING:pe_image_reader.cc(281)] could not read dos header from C:\WINDOWS\system32\SHELL32.dll
[0413/174603.630:ERROR:process_reader_win.cc(233)] ReadMemory at 0x7fefb4e0000 of 64 bytes failed: Only part of a ReadProcessMemory or WriteProcessMemory request was completed. (0x12B)
[0413/174603.630:WARNING:pe_image_reader.cc(281)] could not read dos header from C:\WINDOWS\system32\WINMM.dll
[0413/174603.630:ERROR:process_reader_win.cc(233)] ReadMemory at 0x7fefd880000 of 64 bytes failed: Only part of a ReadProcessMemory or WriteProcessMemory request was completed. (0x12B)
[0413/174603.630:WARNING:pe_image_reader.cc(281)] could not read dos header from C:\WINDOWS\system32\profapi.dll
[0413/174603.630:ERROR:process_reader_win.cc(233)] ReadMemory at 0x7fefd9a0000 of 64 bytes failed: Only part of a ReadProcessMemory or WriteProcessMemory request was completed. (0x12B)
[0413/174603.630:WARNING:pe_image_reader.cc(281)] could not read dos header from C:\WINDOWS\system32\USERENV.dll
[0413/174603.630:ERROR:process_reader_win.cc(233)] ReadMemory at 0x7fefa220000 of 64 bytes failed: Only part of a ReadProcessMemory or WriteProcessMemory request was completed. (0x12B)
[0413/174603.630:WARNING:pe_image_reader.cc(281)] could not read dos header from C:\WINDOWS\system32\webio.dll
[0413/174603.630:ERROR:process_reader_win.cc(233)] ReadMemory at 0x7fefa290000 of 64 bytes failed: Only part of a ReadProcessMemory or WriteProcessMemory request was completed. (0x12B)
[0413/174603.630:WARNING:pe_image_reader.cc(281)] could not read dos header from C:\WINDOWS\system32\WINHTTP.dll
[0413/174603.630:ERROR:process_reader_win.cc(233)] ReadMemory at 0x7feff4e0000 of 64 bytes failed: Only part of a ReadProcessMemory or WriteProcessMemory request was completed. (0x12B)
[0413/174603.630:WARNING:pe_image_reader.cc(281)] could not read dos header from C:\WINDOWS\system32\MSCTF.dll
[0413/174603.630:ERROR:process_reader_win.cc(233)] ReadMemory at 0x7fefebb0000 of 64 bytes failed: Only part of a ReadProcessMemory or WriteProcessMemory request was completed. (0x12B)
[0413/174603.630:WARNING:pe_image_reader.cc(281)] could not read dos header from C:\WINDOWS\system32\IMM32.DLL
[0413/174603.630:ERROR:process_reader_win.cc(233)] ReadMemory at 0x7fee9a90000 of 64 bytes failed: Only part of a ReadProcessMemory or WriteProcessMemory request was completed. (0x12B)
[0413/174603.630:WARNING:pe_image_reader.cc(281)] could not read dos header from C:\Program Files\Avecto\Privilege Guard Client\PGHook.dll
[0413/174603.631:ERROR:process_reader_win.cc(233)] ReadMemory at 0x7fefd650000 of 64 bytes failed: Only part of a ReadProcessMemory or WriteProcessMemory request was completed. (0x12B)
[0413/174603.631:WARNING:pe_image_reader.cc(281)] could not read dos header from C:\WINDOWS\system32\CRYPTSP.dll
[0413/174603.631:ERROR:process_reader_win.cc(233)] ReadMemory at 0x7fefd600000 of 64 bytes failed: Only part of a ReadProcessMemory or WriteProcessMemory request was completed. (0x12B)
[0413/174603.631:WARNING:pe_image_reader.cc(281)] could not read dos header from C:\WINDOWS\system32\rsaenh.dll
[0413/174603.631:ERROR:process_reader_win.cc(233)] ReadMemory at 0x7fefd5f0000 of 64 bytes failed: Only part of a ReadProcessMemory or WriteProcessMemory request was completed. (0x12B)
[0413/174603.631:WARNING:pe_image_reader.cc(281)] could not read dos header from C:\WINDOWS\system32\CRYPTBASE.dll
[0413/174603.631:ERROR:process_reader_win.cc(233)] ReadMemory at 0x7feffa80000 of 64 bytes failed: Only part of a ReadProcessMemory or WriteProcessMemory request was completed. (0x12B)
[0413/174603.631:WARNING:pe_image_reader.cc(281)] could not read dos header from C:\WINDOWS\system32\ole32.dll
[0413/174603.631:ERROR:process_reader_win.cc(233)] ReadMemory at 0x7feff5f0000 of 64 bytes failed: Only part of a ReadProcessMemory or WriteProcessMemory request was completed. (0x12B)
[0413/174603.631:WARNING:pe_image_reader.cc(281)] could not read dos header from C:\WINDOWS\system32\OLEAUT32.dll
[0413/174603.631:ERROR:process_reader_win.cc(233)] ReadMemory at 0x7feffe70000 of 64 bytes failed: Only part of a ReadProcessMemory or WriteProcessMemory request was completed. (0x12B)
[0413/174603.631:WARNING:pe_image_reader.cc(281)] could not read dos header from C:\WINDOWS\system32\NSI.dll
[0413/174603.631:ERROR:process_reader_win.cc(233)] ReadMemory at 0x7feffa30000 of 64 bytes failed: Only part of a ReadProcessMemory or WriteProcessMemory request was completed. (0x12B)
[0413/174603.631:WARNING:pe_image_reader.cc(281)] could not read dos header from C:\WINDOWS\system32\WS2_32.dll
[0413/174603.631:ERROR:process_reader_win.cc(233)] ReadMemory at 0x7fefc1c0000 of 64 bytes failed: Only part of a ReadProcessMemory or WriteProcessMemory request was completed. (0x12B)
[0413/174603.631:WARNING:pe_image_reader.cc(281)] could not read dos header from C:\WINDOWS\WinSxS\amd64_microsoft.windows.common-controls_6595b64144ccf1df_6.0.7601.18837_none_fa3b1e3d17594757\COMCTL32.dll
[0413/174603.631:ERROR:process_reader_win.cc(233)] ReadMemory at 0x7fefec80000 of 64 bytes failed: Only part of a ReadProcessMemory or WriteProcessMemory request was completed. (0x12B)
[0413/174603.631:WARNING:pe_image_reader.cc(281)] could not read dos header from C:\WINDOWS\system32\COMDLG32.dll
[0413/174603.631:ERROR:process_reader_win.cc(233)] ReadMemory at 0x7fef9d90000 of 64 bytes failed: Only part of a ReadProcessMemory or WriteProcessMemory request was completed. (0x12B)
[0413/174603.631:WARNING:pe_image_reader.cc(281)] could not read dos header from C:\WINDOWS\system32\dbghelp.dll
[0413/174603.631:ERROR:process_reader_win.cc(233)] ReadMemory at 0x7fef9d10000 of 64 bytes failed: Only part of a ReadProcessMemory or WriteProcessMemory request was completed. (0x12B)
[0413/174603.631:WARNING:pe_image_reader.cc(281)] could not read dos header from C:\WINDOWS\system32\WINSPOOL.DRV
[0413/174603.631:ERROR:process_reader_win.cc(233)] ReadMemory at 0x7fefabb0000 of 64 bytes failed: Only part of a ReadProcessMemory or WriteProcessMemory request was completed. (0x12B)
[0413/174603.631:WARNING:pe_image_reader.cc(281)] could not read dos header from C:\WINDOWS\system32\WINNSI.DLL
[0413/174603.631:ERROR:process_reader_win.cc(233)] ReadMemory at 0x7fefabc0000 of 64 bytes failed: Only part of a ReadProcessMemory or WriteProcessMemory request was completed. (0x12B)
[0413/174603.631:WARNING:pe_image_reader.cc(281)] could not read dos header from C:\WINDOWS\system32\IPHLPAPI.DLL
[0413/174603.631:ERROR:process_reader_win.cc(233)] ReadMemory at 0x7fefd270000 of 64 bytes failed: Only part of a ReadProcessMemory or WriteProcessMemory request was completed. (0x12B)
[0413/174603.631:WARNING:pe_image_reader.cc(281)] could not read dos header from C:\WINDOWS\system32\Secur32.dll
[0413/174603.631:ERROR:process_reader_win.cc(233)] ReadMemory at 0x7fefd500000 of 64 bytes failed: Only part of a ReadProcessMemory or WriteProcessMemory request was completed. (0x12B)
[0413/174603.631:WARNING:pe_image_reader.cc(281)] could not read dos header from C:\WINDOWS\system32\SSPICLI.DLL
[0413/174603.631:ERROR:process_reader_win.cc(233)] ReadMemory at 0x7feed290000 of 64 bytes failed: Only part of a ReadProcessMemory or WriteProcessMemory request was completed. (0x12B)
[0413/174603.631:WARNING:pe_image_reader.cc(281)] could not read dos header from C:\WINDOWS\system32\DWrite.dll
[0413/174603.631:ERROR:process_reader_win.cc(233)] ReadMemory at 0x7fef57a0000 of 64 bytes failed: Only part of a ReadProcessMemory or WriteProcessMemory request was completed. (0x12B)
[0413/174603.631:WARNING:pe_image_reader.cc(281)] could not read dos header from C:\WINDOWS\system32\FONTSUB.dll
[0413/174603.631:ERROR:process_reader_win.cc(233)] ReadMemory at 0x7fefd870000 of 64 bytes failed: Only part of a ReadProcessMemory or WriteProcessMemory request was completed. (0x12B)
[0413/174603.632:WARNING:pe_image_reader.cc(281)] could not read dos header from C:\WINDOWS\system32\MSASN1.dll
[0413/174603.632:ERROR:process_reader_win.cc(233)] ReadMemory at 0x7fefdaa0000 of 64 bytes failed: Only part of a ReadProcessMemory or WriteProcessMemory request was completed. (0x12B)
[0413/174603.632:WARNING:pe_image_reader.cc(281)] could not read dos header from C:\WINDOWS\system32\CRYPT32.dll
[0413/174603.632:ERROR:process_reader_win.cc(233)] ReadMemory at 0x7fefda60000 of 64 bytes failed: Only part of a ReadProcessMemory or WriteProcessMemory request was completed. (0x12B)
[0413/174603.632:WARNING:pe_image_reader.cc(281)] could not read dos header from C:\WINDOWS\system32\WINTRUST.dll
[0413/174603.632:ERROR:process_reader_win.cc(233)] ReadMemory at 0x7fede740000 of 64 bytes failed: Only part of a ReadProcessMemory or WriteProcessMemory request was completed. (0x12B)
[0413/174603.632:WARNING:pe_image_reader.cc(281)] could not read dos header from C:\Program Files (x86)\Google\Chrome\Application\57.0.2987.110\chrome_child.dll
[0413/174608.620:ERROR:process_reader_win.cc(233)] ReadMemory at 0x23f000 of 69632 bytes failed: Only part of a ReadProcessMemory or WriteProcessMemory request was completed. (0x12B)
[0413/174608.620:ERROR:crash_report_exception_handler.cc(111)] WriteEverything failed
[0413/174608.621:ERROR:scoped_process_suspend.cc(38)] NtResumeProcess: An attempt was made to access an exiting process.  (0xc000010a)
[0418/071734.514:ERROR:http_transport_win.cc(50)] WinHttpSendRequest: A connection with the server could not be established  (0x2EFD)
[0418/071735.150:ERROR:http_transport_win.cc(50)] WinHttpSendRequest: A connection with the server could not be established  (0x2EFD)
[0418/102007.634:ERROR:http_transport_win.cc(50)] WinHttpSendRequest: A connection with the server could not be established  (0x2EFD)
[0418/183646.306:ERROR:exception_snapshot_win.cc(87)] thread ID 6828 not found in process
[0418/183646.332:WARNING:crash_report_exception_handler.cc(60)] ProcessSnapshotWin::Initialize failed
[0425/230101.474:ERROR:scoped_process_suspend.cc(30)] NtSuspendProcess: An attempt was made to access an exiting process.  (0xc000010a)
[0425/230101.495:ERROR:process_info.cc(116)] ReadProcessMemory bool __cdecl crashpad::`anonymous-namespace'::ReadStruct<struct crashpad::process_types::PEB<struct crashpad::process_types::internal::Traits64>>(void *,unsigned __int64,struct crashpad::process_types::PEB<struct crashpad::process_types::internal::Traits64> *): Only part of a ReadProcessMemory or WriteProcessMemory request was completed. (0x12B)
[0425/230101.514:ERROR:process_info.cc(559)] ReadProcessData failed
[0425/230101.515:ERROR:process_reader_win.cc(233)] ReadMemory at 0x7fef1b33990 of 12 bytes failed: Only part of a ReadProcessMemory or WriteProcessMemory request was completed. (0x12B)
[0425/230101.515:WARNING:process_snapshot_win.cc(68)] ReadMemory ExceptionInformation failed
[0425/230101.515:WARNING:crash_report_exception_handler.cc(60)] ProcessSnapshotWin::Initialize failed
[0504/121238.108:ERROR:prune_crash_reports.cc(35)] PruneCrashReportDatabase: Failed to get pending reports
[0511/101931.266:ERROR:http_transport_win.cc(214)] WinHttpSendRequest: A connection with the server could not be established  (0x2efd)
